[
  {
    "Plan": {
      "Node Type": "Limit",
      "Parallel Aware": false,
      "Startup Cost": 425.73,
      "Total Cost": 425.79,
      "Plan Rows": 25,
      "Plan Width": 46,
      "Actual Startup Time": 6.236,
      "Actual Total Time": 6.239,
      "Actual Rows": 25,
      "Actual Loops": 1,
      "Output": ["\"Runner\".name", "(count(\"Round\".id))", "\"Runner\".id"],
      "Shared Hit Blocks": 192,
      "Shared Read Blocks": 0,
      "Shared Dirtied Blocks": 0,
      "Shared Written Blocks": 0,
      "Local Hit Blocks": 0,
      "Local Read Blocks": 0,
      "Local Dirtied Blocks": 0,
      "Local Written Blocks": 0,
      "Temp Read Blocks": 0,
      "Temp Written Blocks": 0,
      "Plans": [
        {
          "Node Type": "Sort",
          "Parent Relationship": "Outer",
          "Parallel Aware": false,
          "Startup Cost": 425.73,
          "Total Cost": 427.22,
          "Plan Rows": 599,
          "Plan Width": 46,
          "Actual Startup Time": 6.235,
          "Actual Total Time": 6.236,
          "Actual Rows": 25,
          "Actual Loops": 1,
          "Output": ["\"Runner\".name", "(count(\"Round\".id))", "\"Runner\".id"],
          "Sort Key": ["(count(\"Round\".id)) DESC"],
          "Sort Method": "top-N heapsort",
          "Sort Space Used": 30,
          "Sort Space Type": "Memory",
          "Shared Hit Blocks": 192,
          "Shared Read Blocks": 0,
          "Shared Dirtied Blocks": 0,
          "Shared Written Blocks": 0,
          "Local Hit Blocks": 0,
          "Local Read Blocks": 0,
          "Local Dirtied Blocks": 0,
          "Local Written Blocks": 0,
          "Temp Read Blocks": 0,
          "Temp Written Blocks": 0,
          "Plans": [
            {
              "Node Type": "Aggregate",
              "Strategy": "Hashed",
              "Partial Mode": "Simple",
              "Parent Relationship": "Outer",
              "Parallel Aware": false,
              "Startup Cost": 402.83,
              "Total Cost": 408.82,
              "Plan Rows": 599,
              "Plan Width": 46,
              "Actual Startup Time": 5.968,
              "Actual Total Time": 6.075,
              "Actual Rows": 597,
              "Actual Loops": 1,
              "Output": ["\"Runner\".name", "count(\"Round\".id)", "\"Runner\".id"],
              "Group Key": ["\"Runner\".id"],
              "Shared Hit Blocks": 189,
              "Shared Read Blocks": 0,
              "Shared Dirtied Blocks": 0,
              "Shared Written Blocks": 0,
              "Local Hit Blocks": 0,
              "Local Read Blocks": 0,
              "Local Dirtied Blocks": 0,
              "Local Written Blocks": 0,
              "Temp Read Blocks": 0,
              "Temp Written Blocks": 0,
              "Plans": [
                {
                  "Node Type": "Hash Join",
                  "Parent Relationship": "Outer",
                  "Parallel Aware": false,
                  "Join Type": "Right",
                  "Startup Cost": 30.98,
                  "Total Cost": 365.66,
                  "Plan Rows": 7435,
                  "Plan Width": 64,
                  "Actual Startup Time": 1.743,
                  "Actual Total Time": 4.334,
                  "Actual Rows": 7439,
                  "Actual Loops": 1,
                  "Output": ["\"Runner\".id", "\"Runner\".name", "\"Round\".id"],
                  "Inner Unique": true,
                  "Hash Cond": "(\"Round\".\"studentId\" = \"Runner\".id)",
                  "Shared Hit Blocks": 189,
                  "Shared Read Blocks": 0,
                  "Shared Dirtied Blocks": 0,
                  "Shared Written Blocks": 0,
                  "Local Hit Blocks": 0,
                  "Local Read Blocks": 0,
                  "Local Dirtied Blocks": 0,
                  "Local Written Blocks": 0,
                  "Temp Read Blocks": 0,
                  "Temp Written Blocks": 0,
                  "Plans": [
                    {
                      "Node Type": "Seq Scan",
                      "Parent Relationship": "Outer",
                      "Parallel Aware": false,
                      "Relation Name": "Round",
                      "Schema": "public",
                      "Alias": "Round",
                      "Startup Cost": 0.00,
                      "Total Cost": 302.00,
                      "Plan Rows": 12400,
                      "Plan Width": 52,
                      "Actual Startup Time": 0.010,
                      "Actual Total Time": 1.258,
                      "Actual Rows": 12400,
                      "Actual Loops": 1,
                      "Output": ["\"Round\".id", "\"Round\".\"studentId\"", "\"Round\".\"createdById\"", "\"Round\".\"time\""],
                      "Shared Hit Blocks": 178,
                      "Shared Read Blocks": 0,
                      "Shared Dirtied Blocks": 0,
                      "Shared Written Blocks": 0,
                      "Local Hit Blocks": 0,
                      "Local Read Blocks": 0,
                      "Local Dirtied Blocks": 0,
                      "Local Written Blocks": 0,
                      "Temp Read Blocks": 0,
                      "Temp Written Blocks": 0
                    },
                    {
                      "Node Type": "Hash",
                      "Parent Relationship": "Inner",
                      "Parallel Aware": false,
                      "Startup Cost": 23.49,
                      "Total Cost": 23.49,
                      "Plan Rows": 599,
                      "Plan Width": 38,
                      "Actual Startup Time": 0.611,
                      "Actual Total Time": 0.611,
                      "Actual Rows": 597,
                      "Actual Loops": 1,
                      "Output": ["\"Runner\".name", "\"Runner\".id"],
                      "Hash Buckets": 1024,
                      "Original Hash Buckets": 1024,
                      "Hash Batches": 1,
                      "Original Hash Batches": 1,
                      "Peak Memory Usage": 50,
                      "Shared Hit Blocks": 11,
                      "Shared Read Blocks": 0,
                      "Shared Dirtied Blocks": 0,
                      "Shared Written Blocks": 0,
                      "Local Hit Blocks": 0,
                      "Local Read Blocks": 0,
                      "Local Dirtied Blocks": 0,
                      "Local Written Blocks": 0,
                      "Temp Read Blocks": 0,
                      "Temp Written Blocks": 0,
                      "Plans": [
                        {
                          "Node Type": "Seq Scan",
                          "Parent Relationship": "Outer",
                          "Parallel Aware": false,
                          "Relation Name": "Runner",
                          "Schema": "public",
                          "Alias": "Runner",
                          "Startup Cost": 0.00,
                          "Total Cost": 23.49,
                          "Plan Rows": 599,
                          "Plan Width": 38,
                          "Actual Startup Time": 0.216,
                          "Actual Total Time": 0.466,
                          "Actual Rows": 597,
                          "Actual Loops": 1,
                          "Output": ["\"Runner\".name", "\"Runner\".id"],
                          "Filter": "(\"Runner\".id > 'ckdlmkrac31231f1gq65owfd1g'::text)",
                          "Rows Removed by Filter": 402,
                          "Shared Hit Blocks": 11,
                          "Shared Read Blocks": 0,
                          "Shared Dirtied Blocks": 0,
                          "Shared Written Blocks": 0,
                          "Local Hit Blocks": 0,
                          "Local Read Blocks": 0,
                          "Local Dirtied Blocks": 0,
                          "Local Written Blocks": 0,
                          "Temp Read Blocks": 0,
                          "Temp Written Blocks": 0
                        }
                      ]
                    }
                  ]
                }
              ]
            }
          ]
        }
      ]
    },
    "Planning Time": 0.976,
    "Triggers": [
    ],
    "Execution Time": 6.352
  }
]
